<?xml version="1.0" encoding="UTF-8"?>
<!-- Generated by org.testng.reporters.JUnitReportReporter -->
<testsuite hostname="AMANGUP02" name="ecom.MyntraTest.LoginTest" tests="1" failures="0" timestamp="31 Jul 2019 18:31:57 GMT" time="32.648" errors="0">
  <testcase name="BasePageNavigation" time="32.648" classname="ecom.MyntraTest.LoginTest"/>
</testsuite> <!-- ecom.MyntraTest.LoginTest -->
